#
# There is insufficient memory for the Java Runtime Environment to continue.
# Native memory allocation (mmap) failed to map 264241152 bytes. Error detail: G1 virtual space
# Possible reasons:
#   The system is out of physical RAM or swap space
#   This process is running with CompressedOops enabled, and the Java Heap may be blocking the growth of the native heap
# Possible solutions:
#   Reduce memory load on the system
#   Increase physical memory or swap space
#   Check if swap backing store is full
#   Decrease Java heap size (-Xmx/-Xms)
#   Decrease number of Java threads
#   Decrease Java thread stack sizes (-Xss)
#   Set larger code cache with -XX:ReservedCodeCacheSize=
#   JVM is running with Unscaled Compressed Oops mode in which the Java heap is
#     placed in the first 4GB address space. The Java Heap base address is the
#     maximum limit for the native heap growth. Please use -XX:HeapBaseMinAddress
#     to set the Java Heap base and to place the Java Heap above 4GB virtual address.
# This output file may be truncated or incomplete.
#
#  Out of Memory Error (os_windows.cpp:3613), pid=19172, tid=3508
#
# JRE version:  (17.0.12+7) (build )
# Java VM: OpenJDK 64-Bit Server VM (17.0.12+7, mixed mode, emulated-client, sharing, tiered, compressed oops, compressed class ptrs, g1 gc, windows-amd64)
# No core dump will be written. Minidumps are not enabled by default on client versions of Windows
#

---------------  S U M M A R Y ------------

Command Line: -Xmx1024m -Dsts.lsp.client=vscode -Dsts.log.file=/dev/null -XX:TieredStopAtLevel=1 -Xlog:jni+resolve=off c:\Users\andres.delacruz\.vscode\extensions\vmware.vscode-spring-boot-1.57.0\language-server\spring-boot-language-server-1.57.0-SNAPSHOT-exec.jar

Host: 11th Gen Intel(R) Core(TM) i7-1185G7 @ 3.00GHz, 8 cores, 15G,  Windows 11 , 64 bit Build 22621 (10.0.22621.3958)
Time: Wed Oct 16 10:47:53 2024 Hora est. Pacífico, Sudamérica elapsed time: 0.017612 seconds (0d 0h 0m 0s)

---------------  T H R E A D  ---------------

Current thread (0x000002ac0e5da580):  JavaThread "Unknown thread" [_thread_in_vm, id=3508, stack(0x000000ce15100000,0x000000ce15200000)]

Stack: [0x000000ce15100000,0x000000ce15200000]
Native frames: (J=compiled Java code, j=interpreted, Vv=VM code, C=native code)
V  [jvm.dll+0x67f929]
V  [jvm.dll+0x8371ba]
V  [jvm.dll+0x838c7e]
V  [jvm.dll+0x8392e3]
V  [jvm.dll+0x24834f]
V  [jvm.dll+0x67c6e9]
V  [jvm.dll+0x6711aa]
V  [jvm.dll+0x307f7b]
V  [jvm.dll+0x30f476]
V  [jvm.dll+0x35f63e]
V  [jvm.dll+0x35f87f]
V  [jvm.dll+0x2def9c]
V  [jvm.dll+0x2dfef4]
V  [jvm.dll+0x808a4b]
V  [jvm.dll+0x36d3b1]
V  [jvm.dll+0x7e7425]
V  [jvm.dll+0x3f0edf]
V  [jvm.dll+0x3f2a31]
C  [jli.dll+0x528f]
C  [ucrtbase.dll+0x29333]
C  [KERNEL32.DLL+0x1257d]
C  [ntdll.dll+0x5af08]


---------------  P R O C E S S  ---------------

Threads class SMR info:
_java_thread_list=0x00007fff82c86f18, length=0, elements={
}

Java Threads: ( => current thread )

Other Threads:
  0x000002ac0e616f20 GCTaskThread "GC Thread#0" [stack: 0x000000ce15200000,0x000000ce15300000] [id=16656]
  0x000002ac0e61fd70 ConcurrentGCThread "G1 Main Marker" [stack: 0x000000ce15300000,0x000000ce15400000] [id=18328]
  0x000002ac0e620e30 ConcurrentGCThread "G1 Conc#0" [stack: 0x000000ce15400000,0x000000ce15500000] [id=5680]

[error occurred during error reporting (printing all threads), id 0xc0000005, EXCEPTION_ACCESS_VIOLATION (0xc0000005) at pc=0x00007fff8243f697]

VM state: not at safepoint (not fully initialized)

VM Mutex/Monitor currently owned by a thread:  ([mutex/lock_event])
[0x000002ac0c4eb660] Heap_lock - owner thread: 0x000002ac0e5da580

Heap address: 0x00000000c0000000, size: 1024 MB, Compressed Oops mode: 32-bit

CDS archive(s) mapped at: [0x0000000000000000-0x0000000000000000-0x0000000000000000), size 0, SharedBaseAddress: 0x0000000800000000, ArchiveRelocationMode: 1.
Narrow klass base: 0x0000000000000000, Narrow klass shift: 0, Narrow klass range: 0x0

GC Precious Log:
<Empty>

Heap:
 garbage-first heap   total 0K, used 0K [0x00000000c0000000, 0x0000000100000000)
  region size 1024K, 0 young (0K), 0 survivors (0K)

[error occurred during error reporting (printing heap information), id 0xc0000005, EXCEPTION_ACCESS_VIOLATION (0xc0000005) at pc=0x00007fff82828bf9]

GC Heap History (0 events):
No events

Dll operation events (1 events):
Event: 0.010 Loaded shared library c:\Users\andres.delacruz\.vscode\extensions\redhat.java-1.36.2024101604-win32-x64\jre\17.0.12-win32-x86_64\bin\java.dll

Deoptimization events (0 events):
No events

Classes loaded (0 events):
No events

Classes unloaded (0 events):
No events

Classes redefined (0 events):
No events

Internal exceptions (0 events):
No events

VM Operations (0 events):
No events

Events (0 events):
No events


Dynamic libraries:
0x00007ff79cbd0000 - 0x00007ff79cbde000 	c:\Users\andres.delacruz\.vscode\extensions\redhat.java-1.36.2024101604-win32-x64\jre\17.0.12-win32-x86_64\bin\java.exe
0x00007ff80a550000 - 0x00007ff80a767000 	C:\Windows\SYSTEM32\ntdll.dll
0x00007ff809700000 - 0x00007ff8097c4000 	C:\Windows\System32\KERNEL32.DLL
0x00007ff807680000 - 0x00007ff807a37000 	C:\Windows\System32\KERNELBASE.dll
0x00007fffff220000 - 0x00007fffff2b7000 	C:\Windows\SYSTEM32\apphelp.dll
0x00007ff807d30000 - 0x00007ff807e41000 	C:\Windows\System32\ucrtbase.dll
0x00007ff803e20000 - 0x00007ff803e37000 	c:\Users\andres.delacruz\.vscode\extensions\redhat.java-1.36.2024101604-win32-x64\jre\17.0.12-win32-x86_64\bin\jli.dll
0x00007ff80a330000 - 0x00007ff80a4df000 	C:\Windows\System32\USER32.dll
0x00007fffff690000 - 0x00007fffff6ab000 	c:\Users\andres.delacruz\.vscode\extensions\redhat.java-1.36.2024101604-win32-x64\jre\17.0.12-win32-x86_64\bin\VCRUNTIME140.dll
0x00007ff807d00000 - 0x00007ff807d26000 	C:\Windows\System32\win32u.dll
0x00007ff808250000 - 0x00007ff808279000 	C:\Windows\System32\GDI32.dll
0x00007fffeded0000 - 0x00007fffee163000 	C:\Windows\WinSxS\amd64_microsoft.windows.common-controls_6595b64144ccf1df_6.0.22621.3672_none_2713b9d173822955\COMCTL32.dll
0x00007ff807e50000 - 0x00007ff807f68000 	C:\Windows\System32\gdi32full.dll
0x00007ff808600000 - 0x00007ff8086a7000 	C:\Windows\System32\msvcrt.dll
0x00007ff807ac0000 - 0x00007ff807b5a000 	C:\Windows\System32\msvcp_win.dll
0x00007ff809020000 - 0x00007ff809051000 	C:\Windows\System32\IMM32.DLL
0x00007fffffca0000 - 0x00007fffffcac000 	c:\Users\andres.delacruz\.vscode\extensions\redhat.java-1.36.2024101604-win32-x64\jre\17.0.12-win32-x86_64\bin\vcruntime140_1.dll
0x00007fffea910000 - 0x00007fffea99d000 	c:\Users\andres.delacruz\.vscode\extensions\redhat.java-1.36.2024101604-win32-x64\jre\17.0.12-win32-x86_64\bin\msvcp140.dll
0x00007fff82150000 - 0x00007fff82dba000 	c:\Users\andres.delacruz\.vscode\extensions\redhat.java-1.36.2024101604-win32-x64\jre\17.0.12-win32-x86_64\bin\server\jvm.dll
0x00007ff8094b0000 - 0x00007ff809562000 	C:\Windows\System32\ADVAPI32.dll
0x00007ff80a270000 - 0x00007ff80a318000 	C:\Windows\System32\sechost.dll
0x00007ff807cd0000 - 0x00007ff807cf8000 	C:\Windows\System32\bcrypt.dll
0x00007ff809570000 - 0x00007ff809684000 	C:\Windows\System32\RPCRT4.dll
0x00007ff8097d0000 - 0x00007ff809841000 	C:\Windows\System32\WS2_32.dll
0x00007ff8074e0000 - 0x00007ff80752d000 	C:\Windows\SYSTEM32\POWRPROF.dll
0x00007ffffaf80000 - 0x00007ffffaf8a000 	C:\Windows\SYSTEM32\VERSION.dll
0x00007fffff9f0000 - 0x00007fffffa24000 	C:\Windows\SYSTEM32\WINMM.dll
0x00007ff807410000 - 0x00007ff807423000 	C:\Windows\SYSTEM32\UMPDC.dll
0x00007ff806620000 - 0x00007ff806638000 	C:\Windows\SYSTEM32\kernel.appcore.dll
0x00007fffff5d0000 - 0x00007fffff5da000 	c:\Users\andres.delacruz\.vscode\extensions\redhat.java-1.36.2024101604-win32-x64\jre\17.0.12-win32-x86_64\bin\jimage.dll
0x00007ff804d00000 - 0x00007ff804f32000 	C:\Windows\SYSTEM32\DBGHELP.DLL
0x00007ff809060000 - 0x00007ff8093ee000 	C:\Windows\System32\combase.dll
0x00007ff809850000 - 0x00007ff809927000 	C:\Windows\System32\OLEAUT32.dll
0x00007fffecbb0000 - 0x00007fffecbe2000 	C:\Windows\SYSTEM32\dbgcore.DLL
0x00007ff807a40000 - 0x00007ff807abb000 	C:\Windows\System32\bcryptPrimitives.dll
0x00007fffeec60000 - 0x00007fffeec85000 	c:\Users\andres.delacruz\.vscode\extensions\redhat.java-1.36.2024101604-win32-x64\jre\17.0.12-win32-x86_64\bin\java.dll

dbghelp: loaded successfully - version: 4.0.5 - missing functions: none
symbol engine: initialized successfully - sym options: 0x614 - pdb path: .;c:\Users\andres.delacruz\.vscode\extensions\redhat.java-1.36.2024101604-win32-x64\jre\17.0.12-win32-x86_64\bin;C:\Windows\SYSTEM32;C:\Windows\WinSxS\amd64_microsoft.windows.common-controls_6595b64144ccf1df_6.0.22621.3672_none_2713b9d173822955;c:\Users\andres.delacruz\.vscode\extensions\redhat.java-1.36.2024101604-win32-x64\jre\17.0.12-win32-x86_64\bin\server

VM Arguments:
jvm_args: -Xmx1024m -Dsts.lsp.client=vscode -Dsts.log.file=/dev/null -XX:TieredStopAtLevel=1 -Xlog:jni+resolve=off 
java_command: c:\Users\andres.delacruz\.vscode\extensions\vmware.vscode-spring-boot-1.57.0\language-server\spring-boot-language-server-1.57.0-SNAPSHOT-exec.jar
java_class_path (initial): c:\Users\andres.delacruz\.vscode\extensions\vmware.vscode-spring-boot-1.57.0\language-server\spring-boot-language-server-1.57.0-SNAPSHOT-exec.jar
Launcher Type: SUN_STANDARD

[Global flags]
     intx CICompilerCount                          = 4                                         {product} {ergonomic}
     uint ConcGCThreads                            = 2                                         {product} {ergonomic}
     uint G1ConcRefinementThreads                  = 8                                         {product} {ergonomic}
   size_t G1HeapRegionSize                         = 1048576                                   {product} {ergonomic}
    uintx GCDrainStackTargetSize                   = 64                                        {product} {ergonomic}
   size_t InitialHeapSize                          = 264241152                                 {product} {ergonomic}
   size_t MarkStackSize                            = 4194304                                   {product} {ergonomic}
   size_t MaxHeapSize                              = 1073741824                                {product} {command line}
   size_t MinHeapDeltaBytes                        = 1048576                                   {product} {ergonomic}
   size_t MinHeapSize                              = 8388608                                   {product} {ergonomic}
    uintx NonProfiledCodeHeapSize                  = 0                                      {pd product} {ergonomic}
     bool ProfileInterpreter                       = false                                  {pd product} {command line}
    uintx ProfiledCodeHeapSize                     = 0                                      {pd product} {ergonomic}
   size_t SoftMaxHeapSize                          = 1073741824                             {manageable} {ergonomic}
     intx TieredStopAtLevel                        = 1                                         {product} {command line}
     bool UseCompressedClassPointers               = true                           {product lp64_product} {ergonomic}
     bool UseCompressedOops                        = true                           {product lp64_product} {ergonomic}
     bool UseG1GC                                  = true                                      {product} {ergonomic}
     bool UseLargePagesIndividualAllocation        = false                                  {pd product} {ergonomic}

Logging:
Log output configuration:
 #0: stdout all=warning,jni+resolve=off uptime,level,tags (reconfigured)
 #1: stderr all=off uptime,level,tags

Environment Variables:
PATH=C:\Windows\system32;C:\Windows;C:\Windows\System32\Wbem;C:\Windows\System32\WindowsPowerShell\v1.0\;C:\Windows\System32\OpenSSH\;C:\Program Files\Docker\Docker\resources\bin;C:\Program Files\PuTTY\;%NVM_HOME%;%NVM_SYMLINK%;C:\Users\andres.delacruz\AppData\Local\Microsoft\WindowsApps;C:\Users\andres.delacruz\AppData\Local\Programs\Git\cmd;C:\Users\andres.delacruz\AppData\Local\Programs\Microsoft VS Code\bin;C:\apache-maven-3.9.9-bin\apache-maven-3.9.9\bin;C:\Program Files\Eclipse Adoptium\jdk-17.0.12+7\bin;C:\Users\andres.delacruz\AppData\Roaming\nvm;C:\Program Files\nodejs;
USERNAME=andres.delacruz
OS=Windows_NT
PROCESSOR_IDENTIFIER=Intel64 Family 6 Model 140 Stepping 1, GenuineIntel
TMP=C:\Users\ANDRES~1.DEL\AppData\Local\Temp
TEMP=C:\Users\ANDRES~1.DEL\AppData\Local\Temp



Periodic native trim disabled


---------------  S Y S T E M  ---------------

OS:
 Windows 11 , 64 bit Build 22621 (10.0.22621.3958)
OS uptime: 0 days 19:44 hours
Hyper-V role detected

CPU: total 8 (initial active 8) (4 cores per cpu, 2 threads per core) family 6 model 140 stepping 1 microcode 0xa4, cx8, cmov, fxsr, ht, mmx, 3dnowpref, sse, sse2, sse3, ssse3, sse4.1, sse4.2, popcnt, lzcnt, tsc, tscinvbit, avx, avx2, aes, erms, clmul, bmi1, bmi2, adx, avx512f, avx512dq, avx512cd, avx512bw, avx512vl, sha, fma, vzeroupper, avx512_vpopcntdq, avx512_vpclmulqdq, avx512_vaes, avx512_vnni, clflush, clflushopt, clwb, avx512_vbmi2, avx512_vbmi, hv
Processor Information for all 8 processors :
  Max Mhz: 2995, Current Mhz: 1198, Mhz Limit: 1198

Memory: 4k page, system-wide physical 16087M (3218M free)
TotalPageFile size 65239M (AvailPageFile size 164M)
current process WorkingSet (physical memory assigned to process): 12M, peak: 12M
current process commit charge ("private bytes"): 55M, peak: 307M

vm_info: OpenJDK 64-Bit Server VM (17.0.12+7) for windows-amd64 JRE (17.0.12+7), built on Jul 16 2024 22:08:24 by "admin" with MS VC++ 16.10 / 16.11 (VS2019)

END.
